<?xml version="1.0" encoding="UTF-8"?>
<!-- Generated by org.testng.reporters.JUnitReportReporter -->
<testsuite skipped="2" hostname="Nishant-PC" name="testngFiles.DrawingPage" tests="3" failures="0" timestamp="17 Aug 2017 04:13:19 GMT" time="66.039" errors="0">
  <testcase name="lineCmdUsingCW" time="66.039" classname="testngFiles.DrawingPage"/>
  <testcase name="filters" classname="testngFiles.DrawingPage">
    <skipped/>
  </testcase> <!-- filters -->
  <testcase name="drawingLoad" classname="testngFiles.DrawingPage">
    <skipped/>
  </testcase> <!-- drawingLoad -->
</testsuite> <!-- testngFiles.DrawingPage -->
