<?xml version="1.0" encoding="UTF-8"?>
<!-- Generated by org.testng.reporters.JUnitReportReporter -->
<testsuite skipped="0" hostname="Nishant-PC" name="testngFiles.DrawingLoadTime" tests="2" failures="0" timestamp="16 Jun 2017 11:20:55 GMT" time="49.988" errors="0">
  <testcase name="noofDrawings" time="21.058" classname="testngFiles.DrawingLoadTime"/>
  <testcase name="drawingLoad" time="28.930" classname="testngFiles.DrawingLoadTime"/>
</testsuite> <!-- testngFiles.DrawingLoadTime -->
