<?xml version="1.0" encoding="UTF-8"?>
<!-- Generated by org.testng.reporters.JUnitReportReporter -->
<testsuite skipped="0" hostname="Nishant-PC" name="testngFiles.SanityKudo" tests="1" failures="0" timestamp="13 Jul 2017 06:38:45 GMT" time="21.837" errors="0">
  <testcase name="termsAndPrivacy" time="21.837" classname="testngFiles.SanityKudo"/>
</testsuite> <!-- testngFiles.SanityKudo -->
