<?xml version="1.0" encoding="UTF-8"?>
<!-- Generated by org.testng.reporters.JUnitReportReporter -->
<testsuite skipped="0" hostname="Nishant-PC" name="testngFiles.LoginKudo" tests="1" failures="0" timestamp="13 Jun 2017 06:33:34 GMT" time="13.212" errors="0">
  <testcase name="Login" time="13.212" classname="testngFiles.LoginKudo"/>
</testsuite> <!-- testngFiles.LoginKudo -->
