<?xml version="1.0" encoding="UTF-8"?>
<!-- Generated by org.testng.reporters.JUnitReportReporter -->
<testsuite skipped="0" hostname="Nishant-PC" name="testngFiles.Annotations" tests="1" failures="0" timestamp="06 Jun 2017 12:15:51 GMT" time="0.012" errors="0">
  <testcase name="kudoLogin" time="0.012" classname="testngFiles.Annotations"/>
</testsuite> <!-- testngFiles.Annotations -->
